[2024-07-03T13:36:22.355+0300] {local_task_job_runner.py:120} INFO - ::group::Pre task execution logs
[2024-07-03T13:36:22.375+0300] {taskinstance.py:2076} INFO - Dependencies all met for dep_context=non-requeueable deps ti=<TaskInstance: process_web_log.extract manual__2024-07-03T10:36:18+00:00 [queued]>
[2024-07-03T13:36:22.382+0300] {taskinstance.py:2076} INFO - Dependencies all met for dep_context=requeueable deps ti=<TaskInstance: process_web_log.extract manual__2024-07-03T10:36:18+00:00 [queued]>
[2024-07-03T13:36:22.383+0300] {taskinstance.py:2306} INFO - Starting attempt 1 of 2
[2024-07-03T13:36:22.399+0300] {taskinstance.py:2330} INFO - Executing <Task(BashOperator): extract> on 2024-07-03 10:36:18+00:00
[2024-07-03T13:36:22.403+0300] {standard_task_runner.py:63} INFO - Started process 44287 to run task
[2024-07-03T13:36:22.409+0300] {standard_task_runner.py:90} INFO - Running: ['airflow', 'tasks', 'run', 'process_web_log', 'extract', 'manual__2024-07-03T10:36:18+00:00', '--job-id', '37', '--raw', '--subdir', 'DAGS_FOLDER/process_web_log.py', '--cfg-path', '/var/folders/tg/n_tx7dyn7ds_8dsrt01dt3d40000gp/T/tmpy56wkkk6']
[2024-07-03T13:36:22.412+0300] {standard_task_runner.py:91} INFO - Job 37: Subtask extract
[2024-07-03T13:36:22.468+0300] {task_command.py:426} INFO - Running <TaskInstance: process_web_log.extract manual__2024-07-03T10:36:18+00:00 [running]> on host hitsh.local
[2024-07-03T13:36:22.564+0300] {taskinstance.py:2648} INFO - Exporting env vars: AIRFLOW_CTX_DAG_EMAIL='hisham.e.hassan@gmail.com' AIRFLOW_CTX_DAG_OWNER='Hisham' AIRFLOW_CTX_DAG_ID='process_web_log' AIRFLOW_CTX_TASK_ID='extract' AIRFLOW_CTX_EXECUTION_DATE='2024-07-03T10:36:18+00:00' AIRFLOW_CTX_TRY_NUMBER='1' AIRFLOW_CTX_DAG_RUN_ID='manual__2024-07-03T10:36:18+00:00'
[2024-07-03T13:36:22.566+0300] {taskinstance.py:430} INFO - ::endgroup::
[2024-07-03T13:36:22.567+0300] {subprocess.py:63} INFO - Tmp dir root location: /var/folders/tg/n_tx7dyn7ds_8dsrt01dt3d40000gp/T
[2024-07-03T13:36:22.568+0300] {subprocess.py:75} INFO - Running command: ['/bin/bash', '-c', 'cut -d " " -f 1 ~/Desktop/Airflow/airflow-env/dags/capstone/accesslog.txt > ~/Desktop/Airflow/airflow-env/dags/capstone/extracted_data.txt']
[2024-07-03T13:36:22.576+0300] {subprocess.py:86} INFO - Output:
[2024-07-03T13:36:22.630+0300] {subprocess.py:97} INFO - Command exited with return code 0
[2024-07-03T13:36:22.632+0300] {taskinstance.py:441} INFO - ::group::Post task execution logs
[2024-07-03T13:36:22.653+0300] {taskinstance.py:1206} INFO - Marking task as SUCCESS. dag_id=process_web_log, task_id=extract, run_id=manual__2024-07-03T10:36:18+00:00, execution_date=20240703T103618, start_date=20240703T103622, end_date=20240703T103622
[2024-07-03T13:36:22.670+0300] {local_task_job_runner.py:240} INFO - Task exited with return code 0
[2024-07-03T13:36:22.703+0300] {taskinstance.py:3503} INFO - 1 downstream tasks scheduled from follow-on schedule check
[2024-07-03T13:36:22.706+0300] {local_task_job_runner.py:222} INFO - ::endgroup::
