[2024-07-03T00:13:38.450+0300] {local_task_job_runner.py:120} INFO - ::group::Pre task execution logs
[2024-07-03T00:13:38.472+0300] {taskinstance.py:2076} INFO - Dependencies all met for dep_context=non-requeueable deps ti=<TaskInstance: process_web_log.transform manual__2024-07-02T21:13:27.358594+00:00 [queued]>
[2024-07-03T00:13:38.480+0300] {taskinstance.py:2076} INFO - Dependencies all met for dep_context=requeueable deps ti=<TaskInstance: process_web_log.transform manual__2024-07-02T21:13:27.358594+00:00 [queued]>
[2024-07-03T00:13:38.481+0300] {taskinstance.py:2306} INFO - Starting attempt 1 of 2
[2024-07-03T00:13:38.496+0300] {taskinstance.py:2330} INFO - Executing <Task(BashOperator): transform> on 2024-07-02 21:13:27.358594+00:00
[2024-07-03T00:13:38.499+0300] {standard_task_runner.py:63} INFO - Started process 61534 to run task
[2024-07-03T00:13:38.507+0300] {standard_task_runner.py:90} INFO - Running: ['airflow', 'tasks', 'run', 'process_web_log', 'transform', 'manual__2024-07-02T21:13:27.358594+00:00', '--job-id', '27', '--raw', '--subdir', 'DAGS_FOLDER/process_web_log.py', '--cfg-path', '/var/folders/tg/n_tx7dyn7ds_8dsrt01dt3d40000gp/T/tmpfa06ajav']
[2024-07-03T00:13:38.510+0300] {standard_task_runner.py:91} INFO - Job 27: Subtask transform
[2024-07-03T00:13:38.570+0300] {task_command.py:426} INFO - Running <TaskInstance: process_web_log.transform manual__2024-07-02T21:13:27.358594+00:00 [running]> on host hitsh.local
[2024-07-03T00:13:38.646+0300] {taskinstance.py:2648} INFO - Exporting env vars: AIRFLOW_CTX_DAG_EMAIL='hisham.e.hassan@gmail.com' AIRFLOW_CTX_DAG_OWNER='Hisham' AIRFLOW_CTX_DAG_ID='process_web_log' AIRFLOW_CTX_TASK_ID='transform' AIRFLOW_CTX_EXECUTION_DATE='2024-07-02T21:13:27.358594+00:00' AIRFLOW_CTX_TRY_NUMBER='1' AIRFLOW_CTX_DAG_RUN_ID='manual__2024-07-02T21:13:27.358594+00:00'
[2024-07-03T00:13:38.648+0300] {taskinstance.py:430} INFO - ::endgroup::
[2024-07-03T00:13:38.649+0300] {subprocess.py:63} INFO - Tmp dir root location: /var/folders/tg/n_tx7dyn7ds_8dsrt01dt3d40000gp/T
[2024-07-03T00:13:38.650+0300] {subprocess.py:75} INFO - Running command: ['/bin/bash', '-c', 'grep -v "198.46.149.143" ~/Desktop/Airflow/airflow-env/dags/capstone/extracted_data.txt > ~/Desktop/Airflow/airflow-env/dags/capstone/transformed_data.txt']
[2024-07-03T00:13:38.658+0300] {subprocess.py:86} INFO - Output:
[2024-07-03T00:13:38.678+0300] {subprocess.py:97} INFO - Command exited with return code 0
[2024-07-03T00:13:38.679+0300] {taskinstance.py:441} INFO - ::group::Post task execution logs
[2024-07-03T00:13:38.700+0300] {taskinstance.py:1206} INFO - Marking task as SUCCESS. dag_id=process_web_log, task_id=transform, run_id=manual__2024-07-02T21:13:27.358594+00:00, execution_date=20240702T211327, start_date=20240702T211338, end_date=20240702T211338
[2024-07-03T00:13:38.731+0300] {local_task_job_runner.py:240} INFO - Task exited with return code 0
[2024-07-03T00:13:38.753+0300] {taskinstance.py:3503} INFO - 1 downstream tasks scheduled from follow-on schedule check
[2024-07-03T00:13:38.757+0300] {local_task_job_runner.py:222} INFO - ::endgroup::
