[2024-07-02T23:46:23.179+0300] {local_task_job_runner.py:120} INFO - ::group::Pre task execution logs
[2024-07-02T23:46:23.202+0300] {taskinstance.py:2076} INFO - Dependencies all met for dep_context=non-requeueable deps ti=<TaskInstance: process_web_log.transform manual__2024-07-02T20:35:55.896723+00:00 [queued]>
[2024-07-02T23:46:23.211+0300] {taskinstance.py:2076} INFO - Dependencies all met for dep_context=requeueable deps ti=<TaskInstance: process_web_log.transform manual__2024-07-02T20:35:55.896723+00:00 [queued]>
[2024-07-02T23:46:23.211+0300] {taskinstance.py:2306} INFO - Starting attempt 1 of 2
[2024-07-02T23:46:23.226+0300] {taskinstance.py:2330} INFO - Executing <Task(BashOperator): transform> on 2024-07-02 20:35:55.896723+00:00
[2024-07-02T23:46:23.229+0300] {standard_task_runner.py:63} INFO - Started process 56087 to run task
[2024-07-02T23:46:23.236+0300] {standard_task_runner.py:90} INFO - Running: ['airflow', 'tasks', 'run', 'process_web_log', 'transform', 'manual__2024-07-02T20:35:55.896723+00:00', '--job-id', '15', '--raw', '--subdir', 'DAGS_FOLDER/process_web_log.py', '--cfg-path', '/var/folders/tg/n_tx7dyn7ds_8dsrt01dt3d40000gp/T/tmpfy3b5x7k']
[2024-07-02T23:46:23.238+0300] {standard_task_runner.py:91} INFO - Job 15: Subtask transform
[2024-07-02T23:46:23.300+0300] {task_command.py:426} INFO - Running <TaskInstance: process_web_log.transform manual__2024-07-02T20:35:55.896723+00:00 [running]> on host hitsh.local
[2024-07-02T23:46:23.376+0300] {taskinstance.py:2648} INFO - Exporting env vars: AIRFLOW_CTX_DAG_EMAIL='hisham.e.hassan@gmail.com' AIRFLOW_CTX_DAG_OWNER='Hisham' AIRFLOW_CTX_DAG_ID='process_web_log' AIRFLOW_CTX_TASK_ID='transform' AIRFLOW_CTX_EXECUTION_DATE='2024-07-02T20:35:55.896723+00:00' AIRFLOW_CTX_TRY_NUMBER='1' AIRFLOW_CTX_DAG_RUN_ID='manual__2024-07-02T20:35:55.896723+00:00'
[2024-07-02T23:46:23.378+0300] {taskinstance.py:430} INFO - ::endgroup::
[2024-07-02T23:46:23.379+0300] {subprocess.py:63} INFO - Tmp dir root location: /var/folders/tg/n_tx7dyn7ds_8dsrt01dt3d40000gp/T
[2024-07-02T23:46:23.381+0300] {subprocess.py:75} INFO - Running command: ['/bin/bash', '-c', 'grep -v "198.46.149.143" ~/Desktop/Airflow/airflow-env/dags/capstone/extracted_data.txt > ~/Desktop/Airflow/airflow-env/dags/capstone/transformed_data.txt']
[2024-07-02T23:46:23.388+0300] {subprocess.py:86} INFO - Output:
[2024-07-02T23:46:23.407+0300] {subprocess.py:97} INFO - Command exited with return code 0
[2024-07-02T23:46:23.409+0300] {taskinstance.py:441} INFO - ::group::Post task execution logs
[2024-07-02T23:46:23.431+0300] {taskinstance.py:1206} INFO - Marking task as SUCCESS. dag_id=process_web_log, task_id=transform, run_id=manual__2024-07-02T20:35:55.896723+00:00, execution_date=20240702T203555, start_date=20240702T204623, end_date=20240702T204623
[2024-07-02T23:46:23.459+0300] {local_task_job_runner.py:240} INFO - Task exited with return code 0
[2024-07-02T23:46:23.481+0300] {taskinstance.py:3503} INFO - 1 downstream tasks scheduled from follow-on schedule check
[2024-07-02T23:46:23.485+0300] {local_task_job_runner.py:222} INFO - ::endgroup::
