[2024-07-02T23:46:13.839+0300] {local_task_job_runner.py:120} INFO - ::group::Pre task execution logs
[2024-07-02T23:46:13.863+0300] {taskinstance.py:2076} INFO - Dependencies all met for dep_context=non-requeueable deps ti=<TaskInstance: process_web_log.extract manual__2024-07-02T20:35:55.896723+00:00 [queued]>
[2024-07-02T23:46:13.869+0300] {taskinstance.py:2076} INFO - Dependencies all met for dep_context=requeueable deps ti=<TaskInstance: process_web_log.extract manual__2024-07-02T20:35:55.896723+00:00 [queued]>
[2024-07-02T23:46:13.870+0300] {taskinstance.py:2306} INFO - Starting attempt 2 of 3
[2024-07-02T23:46:13.883+0300] {taskinstance.py:2330} INFO - Executing <Task(BashOperator): extract> on 2024-07-02 20:35:55.896723+00:00
[2024-07-02T23:46:13.886+0300] {standard_task_runner.py:63} INFO - Started process 56048 to run task
[2024-07-02T23:46:13.894+0300] {standard_task_runner.py:90} INFO - Running: ['airflow', 'tasks', 'run', 'process_web_log', 'extract', 'manual__2024-07-02T20:35:55.896723+00:00', '--job-id', '13', '--raw', '--subdir', 'DAGS_FOLDER/process_web_log.py', '--cfg-path', '/var/folders/tg/n_tx7dyn7ds_8dsrt01dt3d40000gp/T/tmp3sbzjhml']
[2024-07-02T23:46:13.896+0300] {standard_task_runner.py:91} INFO - Job 13: Subtask extract
[2024-07-02T23:46:13.946+0300] {task_command.py:426} INFO - Running <TaskInstance: process_web_log.extract manual__2024-07-02T20:35:55.896723+00:00 [running]> on host hitsh.local
[2024-07-02T23:46:14.029+0300] {taskinstance.py:2648} INFO - Exporting env vars: AIRFLOW_CTX_DAG_EMAIL='hisham.e.hassan@gmail.com' AIRFLOW_CTX_DAG_OWNER='Hisham' AIRFLOW_CTX_DAG_ID='process_web_log' AIRFLOW_CTX_TASK_ID='extract' AIRFLOW_CTX_EXECUTION_DATE='2024-07-02T20:35:55.896723+00:00' AIRFLOW_CTX_TRY_NUMBER='2' AIRFLOW_CTX_DAG_RUN_ID='manual__2024-07-02T20:35:55.896723+00:00'
[2024-07-02T23:46:14.031+0300] {taskinstance.py:430} INFO - ::endgroup::
[2024-07-02T23:46:14.033+0300] {subprocess.py:63} INFO - Tmp dir root location: /var/folders/tg/n_tx7dyn7ds_8dsrt01dt3d40000gp/T
[2024-07-02T23:46:14.035+0300] {subprocess.py:75} INFO - Running command: ['/bin/bash', '-c', 'cut -d " " -f 1 ~/Desktop/Airflow/airflow-env/dags/capstone/accesslog.txt > ~/Desktop/Airflow/airflow-env/dags/capstone/extracted_data.txt']
[2024-07-02T23:46:14.042+0300] {subprocess.py:86} INFO - Output:
[2024-07-02T23:46:14.089+0300] {subprocess.py:97} INFO - Command exited with return code 0
[2024-07-02T23:46:14.091+0300] {taskinstance.py:441} INFO - ::group::Post task execution logs
[2024-07-02T23:46:14.112+0300] {taskinstance.py:1206} INFO - Marking task as SUCCESS. dag_id=process_web_log, task_id=extract, run_id=manual__2024-07-02T20:35:55.896723+00:00, execution_date=20240702T203555, start_date=20240702T204613, end_date=20240702T204614
[2024-07-02T23:46:14.160+0300] {local_task_job_runner.py:240} INFO - Task exited with return code 0
[2024-07-02T23:46:14.189+0300] {taskinstance.py:3503} INFO - 1 downstream tasks scheduled from follow-on schedule check
[2024-07-02T23:46:14.194+0300] {local_task_job_runner.py:222} INFO - ::endgroup::
