[2024-07-02T23:46:10.503+0300] {local_task_job_runner.py:120} INFO - ::group::Pre task execution logs
[2024-07-02T23:46:10.525+0300] {taskinstance.py:2076} INFO - Dependencies all met for dep_context=non-requeueable deps ti=<TaskInstance: process_web_log.extract manual__2024-07-02T18:20:51+00:00 [queued]>
[2024-07-02T23:46:10.532+0300] {taskinstance.py:2076} INFO - Dependencies all met for dep_context=requeueable deps ti=<TaskInstance: process_web_log.extract manual__2024-07-02T18:20:51+00:00 [queued]>
[2024-07-02T23:46:10.532+0300] {taskinstance.py:2306} INFO - Starting attempt 4 of 5
[2024-07-02T23:46:10.546+0300] {taskinstance.py:2330} INFO - Executing <Task(BashOperator): extract> on 2024-07-02 18:20:51+00:00
[2024-07-02T23:46:10.549+0300] {standard_task_runner.py:63} INFO - Started process 56031 to run task
[2024-07-02T23:46:10.555+0300] {standard_task_runner.py:90} INFO - Running: ['airflow', 'tasks', 'run', 'process_web_log', 'extract', 'manual__2024-07-02T18:20:51+00:00', '--job-id', '12', '--raw', '--subdir', 'DAGS_FOLDER/process_web_log.py', '--cfg-path', '/var/folders/tg/n_tx7dyn7ds_8dsrt01dt3d40000gp/T/tmpes89ql0x']
[2024-07-02T23:46:10.557+0300] {standard_task_runner.py:91} INFO - Job 12: Subtask extract
[2024-07-02T23:46:10.607+0300] {task_command.py:426} INFO - Running <TaskInstance: process_web_log.extract manual__2024-07-02T18:20:51+00:00 [running]> on host hitsh.local
[2024-07-02T23:46:10.682+0300] {taskinstance.py:2648} INFO - Exporting env vars: AIRFLOW_CTX_DAG_EMAIL='hisham.e.hassan@gmail.com' AIRFLOW_CTX_DAG_OWNER='Hisham' AIRFLOW_CTX_DAG_ID='process_web_log' AIRFLOW_CTX_TASK_ID='extract' AIRFLOW_CTX_EXECUTION_DATE='2024-07-02T18:20:51+00:00' AIRFLOW_CTX_TRY_NUMBER='4' AIRFLOW_CTX_DAG_RUN_ID='manual__2024-07-02T18:20:51+00:00'
[2024-07-02T23:46:10.684+0300] {taskinstance.py:430} INFO - ::endgroup::
[2024-07-02T23:46:10.686+0300] {subprocess.py:63} INFO - Tmp dir root location: /var/folders/tg/n_tx7dyn7ds_8dsrt01dt3d40000gp/T
[2024-07-02T23:46:10.687+0300] {subprocess.py:75} INFO - Running command: ['/bin/bash', '-c', 'cut -d " " -f 1 ~/Desktop/Airflow/airflow-env/dags/capstone/accesslog.txt > ~/Desktop/Airflow/airflow-env/dags/capstone/extracted_data.txt']
[2024-07-02T23:46:10.695+0300] {subprocess.py:86} INFO - Output:
[2024-07-02T23:46:10.739+0300] {subprocess.py:97} INFO - Command exited with return code 0
[2024-07-02T23:46:10.740+0300] {taskinstance.py:441} INFO - ::group::Post task execution logs
[2024-07-02T23:46:10.760+0300] {taskinstance.py:1206} INFO - Marking task as SUCCESS. dag_id=process_web_log, task_id=extract, run_id=manual__2024-07-02T18:20:51+00:00, execution_date=20240702T182051, start_date=20240702T204610, end_date=20240702T204610
[2024-07-02T23:46:10.784+0300] {local_task_job_runner.py:240} INFO - Task exited with return code 0
[2024-07-02T23:46:10.812+0300] {taskinstance.py:3503} INFO - 1 downstream tasks scheduled from follow-on schedule check
[2024-07-02T23:46:10.816+0300] {local_task_job_runner.py:222} INFO - ::endgroup::
